<?xml version="1.0" encoding="UTF-8"?>
<coverage generated="1614762379667" clover="3.2.0">
  <project timestamp="1614762379667" name="All files">
    <metrics statements="84" coveredstatements="74" conditionals="51" coveredconditionals="42" methods="15" coveredmethods="14" elements="150" coveredelements="130" complexity="0" loc="84" ncloc="84" packages="4" files="4" classes="4"/>
    <package name="controllers">
      <metrics statements="38" coveredstatements="35" conditionals="22" coveredconditionals="17" methods="5" coveredmethods="5"/>
      <file name="mileage-calculator.controller.ts" path="/Users/mrfksiv/Documents/Job_interviews/Cazana_test/src/controllers/mileage-calculator.controller.ts">
        <metrics statements="38" coveredstatements="35" conditionals="22" coveredconditionals="17" methods="5" coveredmethods="5"/>
        <line num="2" count="1" type="stmt"/>
        <line num="3" count="1" type="stmt"/>
        <line num="4" count="1" type="stmt"/>
        <line num="6" count="1" type="stmt"/>
        <line num="9" count="1" type="stmt"/>
        <line num="10" count="1" type="stmt"/>
        <line num="12" count="1" type="cond" truecount="1" falsecount="1"/>
        <line num="13" count="1" type="stmt"/>
        <line num="15" count="0" type="stmt"/>
        <line num="22" count="3" type="stmt"/>
        <line num="28" count="3" type="stmt"/>
        <line num="30" count="3" type="stmt"/>
        <line num="33" count="10" type="cond" truecount="6" falsecount="2"/>
        <line num="35" count="3" type="cond" truecount="2" falsecount="0"/>
        <line num="37" count="1" type="stmt"/>
        <line num="38" count="1" type="stmt"/>
        <line num="39" count="1" type="stmt"/>
        <line num="41" count="2" type="cond" truecount="2" falsecount="0"/>
        <line num="44" count="1" type="stmt"/>
        <line num="45" count="1" type="stmt"/>
        <line num="46" count="1" type="stmt"/>
        <line num="48" count="1" type="stmt"/>
        <line num="49" count="1" type="stmt"/>
        <line num="54" count="1" type="stmt"/>
        <line num="55" count="4" type="stmt"/>
        <line num="56" count="4" type="stmt"/>
        <line num="58" count="4" type="cond" truecount="2" falsecount="0"/>
        <line num="59" count="2" type="cond" truecount="1" falsecount="1"/>
        <line num="60" count="0" type="stmt"/>
        <line num="63" count="1" type="stmt"/>
        <line num="68" count="1" type="stmt"/>
        <line num="69" count="1" type="stmt"/>
        <line num="70" count="1" type="stmt"/>
        <line num="72" count="1" type="stmt"/>
        <line num="73" count="1" type="stmt"/>
        <line num="76" count="3" type="cond" truecount="3" falsecount="1"/>
        <line num="77" count="0" type="stmt"/>
        <line num="80" count="3" type="stmt"/>
      </file>
    </package>
    <package name="models">
      <metrics statements="4" coveredstatements="4" conditionals="2" coveredconditionals="2" methods="1" coveredmethods="1"/>
      <file name="vehicle.model.ts" path="/Users/mrfksiv/Documents/Job_interviews/Cazana_test/src/models/vehicle.model.ts">
        <metrics statements="4" coveredstatements="4" conditionals="2" coveredconditionals="2" methods="1" coveredmethods="1"/>
        <line num="1" count="1" type="cond" truecount="2" falsecount="0"/>
        <line num="2" count="1" type="stmt"/>
        <line num="3" count="1" type="stmt"/>
        <line num="4" count="1" type="stmt"/>
      </file>
    </package>
    <package name="services">
      <metrics statements="25" coveredstatements="20" conditionals="16" coveredconditionals="14" methods="7" coveredmethods="6"/>
      <file name="vehicle-data.service.ts" path="/Users/mrfksiv/Documents/Job_interviews/Cazana_test/src/services/vehicle-data.service.ts">
        <metrics statements="25" coveredstatements="20" conditionals="16" coveredconditionals="14" methods="7" coveredmethods="6"/>
        <line num="2" count="1" type="stmt"/>
        <line num="3" count="1" type="stmt"/>
        <line num="6" count="1" type="stmt"/>
        <line num="8" count="1" type="stmt"/>
        <line num="11" count="1" type="stmt"/>
        <line num="12" count="6" type="cond" truecount="2" falsecount="0"/>
        <line num="13" count="4" type="stmt"/>
        <line num="20" count="41" type="cond" truecount="1" falsecount="1"/>
        <line num="21" count="0" type="stmt"/>
        <line num="24" count="41" type="stmt"/>
        <line num="25" count="105" type="cond" truecount="2" falsecount="0"/>
        <line num="27" count="8" type="stmt"/>
        <line num="29" count="105" type="cond" truecount="4" falsecount="0"/>
        <line num="30" count="10" type="stmt"/>
        <line num="32" count="105" type="cond" truecount="2" falsecount="0"/>
        <line num="33" count="28" type="stmt"/>
        <line num="36" count="41" type="stmt"/>
        <line num="41" count="2" type="cond" truecount="3" falsecount="1"/>
        <line num="45" count="1" type="stmt"/>
        <line num="46" count="0" type="stmt"/>
        <line num="48" count="0" type="stmt"/>
        <line num="54" count="11" type="stmt"/>
        <line num="55" count="11" type="stmt"/>
        <line num="61" count="0" type="stmt"/>
        <line num="62" count="0" type="stmt"/>
      </file>
    </package>
    <package name="utils">
      <metrics statements="17" coveredstatements="15" conditionals="11" coveredconditionals="9" methods="2" coveredmethods="2"/>
      <file name="date-helper.ts" path="/Users/mrfksiv/Documents/Job_interviews/Cazana_test/src/utils/date-helper.ts">
        <metrics statements="17" coveredstatements="15" conditionals="11" coveredconditionals="9" methods="2" coveredmethods="2"/>
        <line num="1" count="3" type="stmt"/>
        <line num="3" count="3" type="stmt"/>
        <line num="5" count="3" type="cond" truecount="3" falsecount="1"/>
        <line num="6" count="0" type="stmt"/>
        <line num="8" count="3" type="stmt"/>
        <line num="9" count="3" type="stmt"/>
        <line num="11" count="3" type="cond" truecount="3" falsecount="1"/>
        <line num="12" count="0" type="stmt"/>
        <line num="15" count="3" type="stmt"/>
        <line num="16" count="18" type="stmt"/>
        <line num="17" count="18" type="cond" truecount="2" falsecount="0"/>
        <line num="18" count="3" type="stmt"/>
        <line num="20" count="15" type="stmt"/>
        <line num="23" count="3" type="cond" truecount="1" falsecount="0"/>
        <line num="24" count="7" type="stmt"/>
        <line num="25" count="7" type="stmt"/>
        <line num="28" count="7" type="stmt"/>
      </file>
    </package>
  </project>
</coverage>
