{"/Users/mrfksiv/Documents/Job_interviews/Cazana_test/src/controllers/mileage-calculator.controller.ts": {"path":"/Users/mrfksiv/Documents/Job_interviews/Cazana_test/src/controllers/mileage-calculator.controller.ts","statementMap":{"0":{"start":{"line":2,"column":0},"end":{"line":2,"column":33}},"1":{"start":{"line":3,"column":0},"end":{"line":3,"column":73}},"2":{"start":{"line":4,"column":0},"end":{"line":4,"column":63}},"3":{"start":{"line":9,"column":25},"end":{"line":9,"column":59}},"4":{"start":{"line":10,"column":8},"end":{"line":10,"column":24}},"5":{"start":{"line":12,"column":8},"end":{"line":16,"column":null}},"6":{"start":{"line":13,"column":12},"end":{"line":13,"column":104}},"7":{"start":{"line":15,"column":12},"end":{"line":15,"column":88}},"8":{"start":{"line":22,"column":8},"end":{"line":22,"column":62}},"9":{"start":{"line":28,"column":35},"end":{"line":28,"column":69}},"10":{"start":{"line":30,"column":52},"end":{"line":30,"column":80}},"11":{"start":{"line":33,"column":33},"end":{"line":33,"column":113}},"12":{"start":{"line":33,"column":59},"end":{"line":33,"column":106}},"13":{"start":{"line":35,"column":8},"end":{"line":74,"column":null}},"14":{"start":{"line":37,"column":48},"end":{"line":37,"column":114}},"15":{"start":{"line":38,"column":12},"end":{"line":38,"column":70}},"16":{"start":{"line":39,"column":12},"end":{"line":39,"column":72}},"17":{"start":{"line":41,"column":15},"end":{"line":74,"column":null}},"18":{"start":{"line":44,"column":31},"end":{"line":44,"column":79}},"19":{"start":{"line":45,"column":54},"end":{"line":45,"column":119}},"20":{"start":{"line":46,"column":40},"end":{"line":46,"column":102}},"21":{"start":{"line":48,"column":12},"end":{"line":48,"column":86}},"22":{"start":{"line":49,"column":12},"end":{"line":49,"column":89}},"23":{"start":{"line":54,"column":33},"end":{"line":61,"column":14}},"24":{"start":{"line":55,"column":38},"end":{"line":55,"column":79}},"25":{"start":{"line":56,"column":38},"end":{"line":56,"column":79}},"26":{"start":{"line":58,"column":16},"end":{"line":60,"column":30}},"27":{"start":{"line":58,"column":49},"end":{"line":58,"column":58}},"28":{"start":{"line":59,"column":21},"end":{"line":60,"column":30}},"29":{"start":{"line":59,"column":54},"end":{"line":59,"column":64}},"30":{"start":{"line":60,"column":21},"end":{"line":60,"column":30}},"31":{"start":{"line":63,"column":51},"end":{"line":66,"column":32}},"32":{"start":{"line":68,"column":43},"end":{"line":68,"column":106}},"33":{"start":{"line":69,"column":44},"end":{"line":69,"column":103}},"34":{"start":{"line":70,"column":45},"end":{"line":70,"column":90}},"35":{"start":{"line":72,"column":12},"end":{"line":72,"column":79}},"36":{"start":{"line":73,"column":12},"end":{"line":73,"column":90}},"37":{"start":{"line":76,"column":8},"end":{"line":78,"column":null}},"38":{"start":{"line":77,"column":12},"end":{"line":77,"column":94}},"39":{"start":{"line":80,"column":8},"end":{"line":80,"column":48}},"40":{"start":{"line":6,"column":0},"end":{"line":6,"column":13}}},"fnMap":{"0":{"name":"(anonymous_6)","decl":{"start":{"line":9,"column":4},"end":{"line":9,"column":25}},"loc":{"start":{"line":9,"column":59},"end":{"line":17,"column":5}}},"1":{"name":"(anonymous_7)","decl":{"start":{"line":19,"column":12},"end":{"line":19,"column":30}},"loc":{"start":{"line":19,"column":42},"end":{"line":23,"column":5}}},"2":{"name":"(anonymous_8)","decl":{"start":{"line":25,"column":11},"end":{"line":25,"column":34}},"loc":{"start":{"line":25,"column":46},"end":{"line":82,"column":5}}},"3":{"name":"(anonymous_9)","decl":{"start":{"line":33,"column":50},"end":{"line":33,"column":51}},"loc":{"start":{"line":33,"column":59},"end":{"line":33,"column":106}}},"4":{"name":"(anonymous_10)","decl":{"start":{"line":54,"column":55},"end":{"line":54,"column":56}},"loc":{"start":{"line":54,"column":74},"end":{"line":61,"column":13}}}},"branchMap":{"0":{"loc":{"start":{"line":12,"column":8},"end":{"line":16,"column":null}},"type":"if","locations":[{"start":{"line":12,"column":8},"end":{"line":16,"column":null}},{"start":{"line":12,"column":8},"end":{"line":16,"column":null}}]},"1":{"loc":{"start":{"line":33,"column":107},"end":{"line":33,"column":111}},"type":"cond-expr","locations":[{"start":{"line":33,"column":107},"end":{"line":33,"column":111}},{"start":{"line":33,"column":111},"end":{"line":33,"column":113}}]},"2":{"loc":{"start":{"line":33,"column":33},"end":{"line":33,"column":111}},"type":"binary-expr","locations":[{"start":{"line":33,"column":33},"end":{"line":33,"column":111}},{"start":{"line":33,"column":107},"end":{"line":33,"column":111}}]},"3":{"loc":{"start":{"line":33,"column":41},"end":{"line":33,"column":43}},"type":"cond-expr","locations":[{"start":{"line":33,"column":41},"end":{"line":33,"column":43}},{"start":{"line":33,"column":33},"end":{"line":33,"column":107}}]},"4":{"loc":{"start":{"line":33,"column":33},"end":{"line":33,"column":43}},"type":"binary-expr","locations":[{"start":{"line":33,"column":33},"end":{"line":33,"column":43}},{"start":{"line":33,"column":33},"end":{"line":33,"column":43}}]},"5":{"loc":{"start":{"line":35,"column":8},"end":{"line":74,"column":null}},"type":"if","locations":[{"start":{"line":35,"column":8},"end":{"line":74,"column":null}},{"start":{"line":35,"column":8},"end":{"line":74,"column":null}}]},"6":{"loc":{"start":{"line":41,"column":15},"end":{"line":74,"column":null}},"type":"if","locations":[{"start":{"line":41,"column":15},"end":{"line":74,"column":null}},{"start":{"line":41,"column":15},"end":{"line":74,"column":null}}]},"7":{"loc":{"start":{"line":58,"column":16},"end":{"line":60,"column":30}},"type":"if","locations":[{"start":{"line":58,"column":16},"end":{"line":60,"column":30}},{"start":{"line":58,"column":16},"end":{"line":60,"column":30}}]},"8":{"loc":{"start":{"line":59,"column":21},"end":{"line":60,"column":30}},"type":"if","locations":[{"start":{"line":59,"column":21},"end":{"line":60,"column":30}},{"start":{"line":59,"column":21},"end":{"line":60,"column":30}}]},"9":{"loc":{"start":{"line":76,"column":8},"end":{"line":78,"column":null}},"type":"if","locations":[{"start":{"line":76,"column":8},"end":{"line":78,"column":null}},{"start":{"line":76,"column":8},"end":{"line":78,"column":null}}]},"10":{"loc":{"start":{"line":76,"column":12},"end":{"line":76,"column":28}},"type":"binary-expr","locations":[{"start":{"line":76,"column":12},"end":{"line":76,"column":28}},{"start":{"line":76,"column":32},"end":{"line":76,"column":50}}]}},"s":{"0":1,"1":1,"2":1,"3":1,"4":1,"5":1,"6":1,"7":0,"8":3,"9":3,"10":3,"11":3,"12":10,"13":3,"14":1,"15":1,"16":1,"17":2,"18":1,"19":1,"20":1,"21":1,"22":1,"23":1,"24":4,"25":4,"26":4,"27":2,"28":2,"29":2,"30":0,"31":1,"32":1,"33":1,"34":1,"35":1,"36":1,"37":3,"38":0,"39":3,"40":1},"f":{"0":1,"1":3,"2":3,"3":10,"4":4},"b":{"0":[1,0],"1":[3,0],"2":[3,3],"3":[0,3],"4":[3,3],"5":[1,2],"6":[1,1],"7":[2,2],"8":[2,0],"9":[0,3],"10":[3,3]}}
,"/Users/mrfksiv/Documents/Job_interviews/Cazana_test/src/models/vehicle.model.ts": {"path":"/Users/mrfksiv/Documents/Job_interviews/Cazana_test/src/models/vehicle.model.ts","statementMap":{"0":{"start":{"line":1,"column":0},"end":{"line":1,"column":null}},"1":{"start":{"line":2,"column":4},"end":{"line":2,"column":null}},"2":{"start":{"line":3,"column":4},"end":{"line":3,"column":null}},"3":{"start":{"line":4,"column":4},"end":{"line":4,"column":null}}},"fnMap":{"0":{"name":"(anonymous_0)","decl":{"start":{"line":1,"column":0},"end":{"line":1,"column":12}},"loc":{"start":{"line":1,"column":30},"end":{"line":6,"column":1}}}},"branchMap":{"0":{"loc":{"start":{"line":1,"column":12},"end":{"line":1,"column":30}},"type":"binary-expr","locations":[{"start":{"line":1,"column":12},"end":{"line":1,"column":30}},{"start":{"line":1,"column":12},"end":{"line":1,"column":null}}]}},"s":{"0":1,"1":1,"2":1,"3":1},"f":{"0":1},"b":{"0":[1,1]}}
,"/Users/mrfksiv/Documents/Job_interviews/Cazana_test/src/services/vehicle-data.service.ts": {"path":"/Users/mrfksiv/Documents/Job_interviews/Cazana_test/src/services/vehicle-data.service.ts","statementMap":{"0":{"start":{"line":2,"column":0},"end":{"line":2,"column":50}},"1":{"start":{"line":3,"column":0},"end":{"line":3,"column":53}},"2":{"start":{"line":8,"column":12},"end":{"line":8,"column":64}},"3":{"start":{"line":11,"column":8},"end":{"line":15,"column":null}},"4":{"start":{"line":12,"column":12},"end":{"line":14,"column":null}},"5":{"start":{"line":13,"column":16},"end":{"line":13,"column":80}},"6":{"start":{"line":20,"column":8},"end":{"line":22,"column":null}},"7":{"start":{"line":21,"column":12},"end":{"line":21,"column":19}},"8":{"start":{"line":24,"column":8},"end":{"line":35,"column":null}},"9":{"start":{"line":25,"column":12},"end":{"line":28,"column":null}},"10":{"start":{"line":27,"column":16},"end":{"line":27,"column":73}},"11":{"start":{"line":27,"column":43},"end":{"line":27,"column":71}},"12":{"start":{"line":29,"column":12},"end":{"line":31,"column":null}},"13":{"start":{"line":30,"column":16},"end":{"line":30,"column":56}},"14":{"start":{"line":32,"column":12},"end":{"line":34,"column":null}},"15":{"start":{"line":33,"column":16},"end":{"line":33,"column":55}},"16":{"start":{"line":36,"column":8},"end":{"line":36,"column":19}},"17":{"start":{"line":41,"column":8},"end":{"line":41,"column":45}},"18":{"start":{"line":45,"column":70},"end":{"line":45,"column":105}},"19":{"start":{"line":46,"column":31},"end":{"line":46,"column":67}},"20":{"start":{"line":48,"column":8},"end":{"line":48,"column":91}},"21":{"start":{"line":54,"column":8},"end":{"line":54,"column":25}},"22":{"start":{"line":55,"column":8},"end":{"line":55,"column":43}},"23":{"start":{"line":61,"column":8},"end":{"line":61,"column":25}},"24":{"start":{"line":62,"column":8},"end":{"line":62,"column":43}},"25":{"start":{"line":6,"column":0},"end":{"line":6,"column":13}}},"fnMap":{"0":{"name":"(anonymous_1)","decl":{"start":{"line":10,"column":4},"end":{"line":10,"column":null}},"loc":{"start":{"line":10,"column":4},"end":{"line":16,"column":5}}},"1":{"name":"(anonymous_2)","decl":{"start":{"line":18,"column":11},"end":{"line":18,"column":28}},"loc":{"start":{"line":18,"column":37},"end":{"line":38,"column":5}}},"2":{"name":"(anonymous_3)","decl":{"start":{"line":27,"column":35},"end":{"line":27,"column":39}},"loc":{"start":{"line":27,"column":43},"end":{"line":27,"column":71}}},"3":{"name":"(anonymous_4)","decl":{"start":{"line":40,"column":11},"end":{"line":40,"column":29}},"loc":{"start":{"line":40,"column":41},"end":{"line":42,"column":5}}},"4":{"name":"(anonymous_5)","decl":{"start":{"line":44,"column":11},"end":{"line":44,"column":35}},"loc":{"start":{"line":44,"column":47},"end":{"line":49,"column":5}}},"5":{"name":"(anonymous_6)","decl":{"start":{"line":51,"column":11},"end":{"line":51,"column":36}},"loc":{"start":{"line":51,"column":48},"end":{"line":56,"column":5}}},"6":{"name":"(anonymous_7)","decl":{"start":{"line":58,"column":11},"end":{"line":58,"column":37}},"loc":{"start":{"line":58,"column":49},"end":{"line":63,"column":5}}}},"branchMap":{"0":{"loc":{"start":{"line":12,"column":12},"end":{"line":14,"column":null}},"type":"if","locations":[{"start":{"line":12,"column":12},"end":{"line":14,"column":null}},{"start":{"line":12,"column":12},"end":{"line":14,"column":null}}]},"1":{"loc":{"start":{"line":20,"column":8},"end":{"line":22,"column":null}},"type":"if","locations":[{"start":{"line":20,"column":8},"end":{"line":22,"column":null}},{"start":{"line":20,"column":8},"end":{"line":22,"column":null}}]},"2":{"loc":{"start":{"line":25,"column":12},"end":{"line":28,"column":null}},"type":"if","locations":[{"start":{"line":25,"column":12},"end":{"line":28,"column":null}},{"start":{"line":25,"column":12},"end":{"line":28,"column":null}}]},"3":{"loc":{"start":{"line":29,"column":12},"end":{"line":31,"column":null}},"type":"if","locations":[{"start":{"line":29,"column":12},"end":{"line":31,"column":null}},{"start":{"line":29,"column":12},"end":{"line":31,"column":null}}]},"4":{"loc":{"start":{"line":29,"column":16},"end":{"line":29,"column":39}},"type":"binary-expr","locations":[{"start":{"line":29,"column":16},"end":{"line":29,"column":39}},{"start":{"line":29,"column":43},"end":{"line":29,"column":61}}]},"5":{"loc":{"start":{"line":32,"column":12},"end":{"line":34,"column":null}},"type":"if","locations":[{"start":{"line":32,"column":12},"end":{"line":34,"column":null}},{"start":{"line":32,"column":12},"end":{"line":34,"column":null}}]},"6":{"loc":{"start":{"line":41,"column":36},"end":{"line":41,"column":40}},"type":"cond-expr","locations":[{"start":{"line":41,"column":36},"end":{"line":41,"column":40}},{"start":{"line":41,"column":40},"end":{"line":41,"column":44}}]},"7":{"loc":{"start":{"line":41,"column":15},"end":{"line":41,"column":40}},"type":"binary-expr","locations":[{"start":{"line":41,"column":15},"end":{"line":41,"column":40}},{"start":{"line":41,"column":36},"end":{"line":41,"column":40}}]}},"s":{"0":1,"1":1,"2":1,"3":1,"4":6,"5":4,"6":41,"7":0,"8":41,"9":105,"10":4,"11":8,"12":105,"13":10,"14":105,"15":28,"16":41,"17":2,"18":1,"19":0,"20":0,"21":11,"22":11,"23":0,"24":0,"25":1},"f":{"0":1,"1":41,"2":8,"3":2,"4":1,"5":11,"6":0},"b":{"0":[4,2],"1":[0,41],"2":[4,101],"3":[10,95],"4":[105,66],"5":[28,77],"6":[2,0],"7":[2,2]}}
,"/Users/mrfksiv/Documents/Job_interviews/Cazana_test/src/utils/date-helper.ts": {"path":"/Users/mrfksiv/Documents/Job_interviews/Cazana_test/src/utils/date-helper.ts","statementMap":{"0":{"start":{"line":1,"column":0},"end":{"line":1,"column":33}},"1":{"start":{"line":3,"column":0},"end":{"line":3,"column":16}},"2":{"start":{"line":5,"column":0},"end":{"line":7,"column":null}},"3":{"start":{"line":6,"column":4},"end":{"line":6,"column":95}},"4":{"start":{"line":8,"column":22},"end":{"line":8,"column":61}},"5":{"start":{"line":9,"column":23},"end":{"line":9,"column":63}},"6":{"start":{"line":11,"column":0},"end":{"line":13,"column":null}},"7":{"start":{"line":12,"column":4},"end":{"line":12,"column":102}},"8":{"start":{"line":16,"column":21},"end":{"line":16,"column":43}},"9":{"start":{"line":17,"column":4},"end":{"line":19,"column":null}},"10":{"start":{"line":18,"column":8},"end":{"line":18,"column":101}},"11":{"start":{"line":20,"column":4},"end":{"line":20,"column":20}},"12":{"start":{"line":15,"column":0},"end":{"line":15,"column":16}},"13":{"start":{"line":24,"column":21},"end":{"line":24,"column":42}},"14":{"start":{"line":25,"column":23},"end":{"line":25,"column":47}},"15":{"start":{"line":28,"column":4},"end":{"line":28,"column":65}},"16":{"start":{"line":23,"column":0},"end":{"line":23,"column":16}}},"fnMap":{"0":{"name":"parseDateInMs","decl":{"start":{"line":15,"column":16},"end":{"line":15,"column":29}},"loc":{"start":{"line":15,"column":48},"end":{"line":21,"column":1}}},"1":{"name":"getYearsBetweenTwoDates","decl":{"start":{"line":23,"column":16},"end":{"line":23,"column":39}},"loc":{"start":{"line":23,"column":95},"end":{"line":29,"column":1}}}},"branchMap":{"0":{"loc":{"start":{"line":5,"column":0},"end":{"line":7,"column":null}},"type":"if","locations":[{"start":{"line":5,"column":0},"end":{"line":7,"column":null}},{"start":{"line":5,"column":0},"end":{"line":7,"column":null}}]},"1":{"loc":{"start":{"line":5,"column":4},"end":{"line":5,"column":30}},"type":"binary-expr","locations":[{"start":{"line":5,"column":4},"end":{"line":5,"column":30}},{"start":{"line":5,"column":34},"end":{"line":5,"column":61}}]},"2":{"loc":{"start":{"line":11,"column":0},"end":{"line":13,"column":null}},"type":"if","locations":[{"start":{"line":11,"column":0},"end":{"line":13,"column":null}},{"start":{"line":11,"column":0},"end":{"line":13,"column":null}}]},"3":{"loc":{"start":{"line":11,"column":4},"end":{"line":11,"column":31}},"type":"binary-expr","locations":[{"start":{"line":11,"column":4},"end":{"line":11,"column":31}},{"start":{"line":11,"column":35},"end":{"line":11,"column":63}}]},"4":{"loc":{"start":{"line":17,"column":4},"end":{"line":19,"column":null}},"type":"if","locations":[{"start":{"line":17,"column":4},"end":{"line":19,"column":null}},{"start":{"line":17,"column":4},"end":{"line":19,"column":null}}]},"5":{"loc":{"start":{"line":23,"column":94},"end":{"line":23,"column":95}},"type":"default-arg","locations":[{"start":{"line":23,"column":94},"end":{"line":23,"column":95}}]}},"s":{"0":3,"1":3,"2":3,"3":0,"4":3,"5":3,"6":3,"7":0,"8":18,"9":18,"10":3,"11":15,"12":3,"13":7,"14":7,"15":7,"16":3},"f":{"0":18,"1":7},"b":{"0":[0,3],"1":[3,3],"2":[0,3],"3":[3,3],"4":[3,15],"5":[7]}}
}
