TN:
SF:src/controllers/mileage-calculator.controller.ts
FN:9,(anonymous_6)
FN:19,(anonymous_7)
FN:25,(anonymous_8)
FN:33,(anonymous_9)
FN:54,(anonymous_10)
FNF:5
FNH:5
FNDA:1,(anonymous_6)
FNDA:3,(anonymous_7)
FNDA:3,(anonymous_8)
FNDA:10,(anonymous_9)
FNDA:4,(anonymous_10)
DA:2,1
DA:3,1
DA:4,1
DA:6,1
DA:9,1
DA:10,1
DA:12,1
DA:13,1
DA:15,0
DA:22,3
DA:28,3
DA:30,3
DA:33,10
DA:35,3
DA:37,1
DA:38,1
DA:39,1
DA:41,2
DA:44,1
DA:45,1
DA:46,1
DA:48,1
DA:49,1
DA:54,1
DA:55,4
DA:56,4
DA:58,4
DA:59,2
DA:60,0
DA:63,1
DA:68,1
DA:69,1
DA:70,1
DA:72,1
DA:73,1
DA:76,3
DA:77,0
DA:80,3
LF:38
LH:35
BRDA:12,0,0,1
BRDA:12,0,1,0
BRDA:33,1,0,3
BRDA:33,1,1,0
BRDA:33,2,0,3
BRDA:33,2,1,3
BRDA:33,3,0,0
BRDA:33,3,1,3
BRDA:33,4,0,3
BRDA:33,4,1,3
BRDA:35,5,0,1
BRDA:35,5,1,2
BRDA:41,6,0,1
BRDA:41,6,1,1
BRDA:58,7,0,2
BRDA:58,7,1,2
BRDA:59,8,0,2
BRDA:59,8,1,0
BRDA:76,9,0,0
BRDA:76,9,1,3
BRDA:76,10,0,3
BRDA:76,10,1,3
BRF:22
BRH:17
end_of_record
TN:
SF:src/models/vehicle.model.ts
FN:1,(anonymous_0)
FNF:1
FNH:1
FNDA:1,(anonymous_0)
DA:1,1
DA:2,1
DA:3,1
DA:4,1
LF:4
LH:4
BRDA:1,0,0,1
BRDA:1,0,1,1
BRF:2
BRH:2
end_of_record
TN:
SF:src/services/vehicle-data.service.ts
FN:10,(anonymous_1)
FN:18,(anonymous_2)
FN:27,(anonymous_3)
FN:40,(anonymous_4)
FN:44,(anonymous_5)
FN:51,(anonymous_6)
FN:58,(anonymous_7)
FNF:7
FNH:6
FNDA:1,(anonymous_1)
FNDA:41,(anonymous_2)
FNDA:8,(anonymous_3)
FNDA:2,(anonymous_4)
FNDA:1,(anonymous_5)
FNDA:11,(anonymous_6)
FNDA:0,(anonymous_7)
DA:2,1
DA:3,1
DA:6,1
DA:8,1
DA:11,1
DA:12,6
DA:13,4
DA:20,41
DA:21,0
DA:24,41
DA:25,105
DA:27,8
DA:29,105
DA:30,10
DA:32,105
DA:33,28
DA:36,41
DA:41,2
DA:45,1
DA:46,0
DA:48,0
DA:54,11
DA:55,11
DA:61,0
DA:62,0
LF:25
LH:20
BRDA:12,0,0,4
BRDA:12,0,1,2
BRDA:20,1,0,0
BRDA:20,1,1,41
BRDA:25,2,0,4
BRDA:25,2,1,101
BRDA:29,3,0,10
BRDA:29,3,1,95
BRDA:29,4,0,105
BRDA:29,4,1,66
BRDA:32,5,0,28
BRDA:32,5,1,77
BRDA:41,6,0,2
BRDA:41,6,1,0
BRDA:41,7,0,2
BRDA:41,7,1,2
BRF:16
BRH:14
end_of_record
TN:
SF:src/utils/date-helper.ts
FN:15,parseDateInMs
FN:23,getYearsBetweenTwoDates
FNF:2
FNH:2
FNDA:18,parseDateInMs
FNDA:7,getYearsBetweenTwoDates
DA:1,3
DA:3,3
DA:5,3
DA:6,0
DA:8,3
DA:9,3
DA:11,3
DA:12,0
DA:15,3
DA:16,18
DA:17,18
DA:18,3
DA:20,15
DA:23,3
DA:24,7
DA:25,7
DA:28,7
LF:17
LH:15
BRDA:5,0,0,0
BRDA:5,0,1,3
BRDA:5,1,0,3
BRDA:5,1,1,3
BRDA:11,2,0,0
BRDA:11,2,1,3
BRDA:11,3,0,3
BRDA:11,3,1,3
BRDA:17,4,0,3
BRDA:17,4,1,15
BRDA:23,5,0,7
BRF:11
BRH:9
end_of_record
